This is pdfTeX, Version 3.14159265-2.6-1.40.16 (TeX Live 2015/Debian) (preloaded format=pdflatex 2018.10.29)  5 NOV 2018 13:06
entering extended mode
 restricted \write18 enabled.
 %&-line parsing enabled.
**network_synthesis.tex
(./network_synthesis.tex
LaTeX2e <2016/02/01>
Babel <3.9q> and hyphenation patterns for 3 language(s) loaded.
(/usr/share/texlive/texmf-dist/tex/latex/base/article.cls
Document Class: article 2014/09/29 v1.4h Standard LaTeX document class
(/usr/share/texlive/texmf-dist/tex/latex/base/size10.clo
File: size10.clo 2014/09/29 v1.4h Standard LaTeX file (size option)
)
\c@part=\count79
\c@section=\count80
\c@subsection=\count81
\c@subsubsection=\count82
\c@paragraph=\count83
\c@subparagraph=\count84
\c@figure=\count85
\c@table=\count86
\abovecaptionskip=\skip41
\belowcaptionskip=\skip42
\bibindent=\dimen102
)
(/usr/share/texlive/texmf-dist/tex/latex/psnfss/times.sty
Package: times 2005/04/12 PSNFSS-v9.2a (SPQR) 
)
(/usr/share/texlive/texmf-dist/tex/latex/graphics/graphics.sty
Package: graphics 2016/01/03 v1.0q Standard LaTeX Graphics (DPC,SPQR)

(/usr/share/texlive/texmf-dist/tex/latex/graphics/trig.sty
Package: trig 2016/01/03 v1.10 sin cos tan (DPC)
)
(/usr/share/texlive/texmf-dist/tex/latex/latexconfig/graphics.cfg
File: graphics.cfg 2010/04/23 v1.9 graphics configuration of TeX Live
)
Package graphics Info: Driver file: pdftex.def on input line 95.

(/usr/share/texlive/texmf-dist/tex/latex/pdftex-def/pdftex.def
File: pdftex.def 2011/05/27 v0.06d Graphics/color for pdfTeX

(/usr/share/texlive/texmf-dist/tex/generic/oberdiek/infwarerr.sty
Package: infwarerr 2010/04/08 v1.3 Providing info/warning/error messages (HO)
)
(/usr/share/texlive/texmf-dist/tex/generic/oberdiek/ltxcmds.sty
Package: ltxcmds 2011/11/09 v1.22 LaTeX kernel commands for general use (HO)
)
\Gread@gobject=\count87
))
(/usr/share/texlive/texmf-dist/tex/latex/graphics/color.sty
Package: color 2016/01/03 v1.1b Standard LaTeX Color (DPC)

(/usr/share/texlive/texmf-dist/tex/latex/latexconfig/color.cfg
File: color.cfg 2007/01/18 v1.5 color configuration of teTeX/TeXLive
)
Package color Info: Driver file: pdftex.def on input line 143.
)
(/usr/share/texlive/texmf-dist/tex/latex/hyperref/hyperref.sty
Package: hyperref 2012/11/06 v6.83m Hypertext links for LaTeX

(/usr/share/texlive/texmf-dist/tex/generic/oberdiek/hobsub-hyperref.sty
Package: hobsub-hyperref 2012/05/28 v1.13 Bundle oberdiek, subset hyperref (HO)


(/usr/share/texlive/texmf-dist/tex/generic/oberdiek/hobsub-generic.sty
Package: hobsub-generic 2012/05/28 v1.13 Bundle oberdiek, subset generic (HO)
Package: hobsub 2012/05/28 v1.13 Construct package bundles (HO)
Package hobsub Info: Skipping package `infwarerr' (already loaded).
Package hobsub Info: Skipping package `ltxcmds' (already loaded).
Package: ifluatex 2010/03/01 v1.3 Provides the ifluatex switch (HO)
Package ifluatex Info: LuaTeX not detected.
Package: ifvtex 2010/03/01 v1.5 Detect VTeX and its facilities (HO)
Package ifvtex Info: VTeX not detected.
Package: intcalc 2007/09/27 v1.1 Expandable calculations with integers (HO)
Package: ifpdf 2011/01/30 v2.3 Provides the ifpdf switch (HO)
Package ifpdf Info: pdfTeX in PDF mode is detected.
Package: etexcmds 2011/02/16 v1.5 Avoid name clashes with e-TeX commands (HO)
Package etexcmds Info: Could not find \expanded.
(etexcmds)             That can mean that you are not using pdfTeX 1.50 or
(etexcmds)             that some package has redefined \expanded.
(etexcmds)             In the latter case, load this package earlier.
Package: kvsetkeys 2012/04/25 v1.16 Key value parser (HO)
Package: kvdefinekeys 2011/04/07 v1.3 Define keys (HO)
Package: pdftexcmds 2011/11/29 v0.20 Utility functions of pdfTeX for LuaTeX (HO
)
Package pdftexcmds Info: LuaTeX not detected.
Package pdftexcmds Info: \pdf@primitive is available.
Package pdftexcmds Info: \pdf@ifprimitive is available.
Package pdftexcmds Info: \pdfdraftmode found.
Package: pdfescape 2011/11/25 v1.13 Implements pdfTeX's escape features (HO)
Package: bigintcalc 2012/04/08 v1.3 Expandable calculations on big integers (HO
)
Package: bitset 2011/01/30 v1.1 Handle bit-vector datatype (HO)
Package: uniquecounter 2011/01/30 v1.2 Provide unlimited unique counter (HO)
)
Package hobsub Info: Skipping package `hobsub' (already loaded).
Package: letltxmacro 2010/09/02 v1.4 Let assignment for LaTeX macros (HO)
Package: hopatch 2012/05/28 v1.2 Wrapper for package hooks (HO)
Package: xcolor-patch 2011/01/30 xcolor patch
Package: atveryend 2011/06/30 v1.8 Hooks at the very end of document (HO)
Package atveryend Info: \enddocument detected (standard20110627).
Package: atbegshi 2011/10/05 v1.16 At begin shipout hook (HO)
Package: refcount 2011/10/16 v3.4 Data extraction from label references (HO)
Package: hycolor 2011/01/30 v1.7 Color options for hyperref/bookmark (HO)
)
(/usr/share/texlive/texmf-dist/tex/latex/graphics/keyval.sty
Package: keyval 2014/10/28 v1.15 key=value parser (DPC)
\KV@toks@=\toks14
)
(/usr/share/texlive/texmf-dist/tex/generic/ifxetex/ifxetex.sty
Package: ifxetex 2010/09/12 v0.6 Provides ifxetex conditional
)
(/usr/share/texlive/texmf-dist/tex/latex/oberdiek/auxhook.sty
Package: auxhook 2011/03/04 v1.3 Hooks for auxiliary files (HO)
)
(/usr/share/texlive/texmf-dist/tex/latex/oberdiek/kvoptions.sty
Package: kvoptions 2011/06/30 v3.11 Key value format for package options (HO)
)
\@linkdim=\dimen103
\Hy@linkcounter=\count88
\Hy@pagecounter=\count89

(/usr/share/texlive/texmf-dist/tex/latex/hyperref/pd1enc.def
File: pd1enc.def 2012/11/06 v6.83m Hyperref: PDFDocEncoding definition (HO)
)
\Hy@SavedSpaceFactor=\count90

(/usr/share/texlive/texmf-dist/tex/latex/latexconfig/hyperref.cfg
File: hyperref.cfg 2002/06/06 v1.2 hyperref configuration of TeXLive
)

Package hyperref Warning: Option `a4paper' is no longer used.


Package hyperref Warning: Invalid value `000'
(hyperref)                for option `pdfborder'.
(hyperref)                Option setting is ignored on input line 4319.

Package hyperref Info: Hyper figures OFF on input line 4443.
Package hyperref Info: Link nesting OFF on input line 4448.
Package hyperref Info: Hyper index ON on input line 4451.
Package hyperref Info: Plain pages OFF on input line 4458.
Package hyperref Info: Backreferencing OFF on input line 4463.
Package hyperref Info: Implicit mode ON; LaTeX internals redefined.
Package hyperref Info: Bookmarks ON on input line 4688.
\c@Hy@tempcnt=\count91
(/usr/share/texlive/texmf-dist/tex/latex/url/url.sty
\Urlmuskip=\muskip10
Package: url 2013/09/16  ver 3.4  Verb mode for urls, etc.
)
LaTeX Info: Redefining \url on input line 5041.
\XeTeXLinkMargin=\dimen104
\Fld@menulength=\count92
\Field@Width=\dimen105
\Fld@charsize=\dimen106
Package hyperref Info: Hyper figures OFF on input line 6295.
Package hyperref Info: Link nesting OFF on input line 6300.
Package hyperref Info: Hyper index ON on input line 6303.
Package hyperref Info: backreferencing OFF on input line 6310.
Package hyperref Info: Link coloring OFF on input line 6315.
Package hyperref Info: Link coloring with OCG OFF on input line 6320.
Package hyperref Info: PDF/A mode OFF on input line 6325.
LaTeX Info: Redefining \ref on input line 6365.
LaTeX Info: Redefining \pageref on input line 6369.
\Hy@abspage=\count93
\c@Item=\count94
\c@Hfootnote=\count95
)

Package hyperref Message: Driver: hpdftex.

(/usr/share/texlive/texmf-dist/tex/latex/hyperref/hpdftex.def
File: hpdftex.def 2012/11/06 v6.83m Hyperref driver for pdfTeX
\Fld@listcount=\count96
\c@bookmark@seq@number=\count97

(/usr/share/texlive/texmf-dist/tex/latex/oberdiek/rerunfilecheck.sty
Package: rerunfilecheck 2011/04/15 v1.7 Rerun checks for auxiliary files (HO)
Package uniquecounter Info: New unique counter `rerunfilecheck' on input line 2
82.
)
\Hy@SectionHShift=\skip43
)
(/usr/share/texlive/texmf-dist/tex/latex/oberdiek/epstopdf.sty
Package: epstopdf 2010/02/09 v2.5 Conversion with epstopdf on the fly (HO)

(/usr/share/texlive/texmf-dist/tex/latex/oberdiek/epstopdf-base.sty
Package: epstopdf-base 2010/02/09 v2.5 Base part for package epstopdf

(/usr/share/texlive/texmf-dist/tex/latex/oberdiek/grfext.sty
Package: grfext 2010/08/19 v1.1 Manage graphics extensions (HO)
)
Package grfext Info: Graphics extension search list:
(grfext)             [.png,.pdf,.jpg,.mps,.jpeg,.jbig2,.jb2,.PNG,.PDF,.JPG,.JPE
G,.JBIG2,.JB2,.eps]
(grfext)             \AppendGraphicsExtensions on input line 452.

(/usr/share/texlive/texmf-dist/tex/latex/latexconfig/epstopdf-sys.cfg
File: epstopdf-sys.cfg 2010/07/13 v1.3 Configuration of (r)epstopdf for TeX Liv
e
)))
(/usr/share/texlive/texmf-dist/tex/latex/titlesec/titletoc.sty
Package: titletoc 2011/12/15 v1.6 TOC entries
\ttl@leftsep=\dimen107
)
(/usr/share/texlive/texmf-dist/tex/latex/fancyhdr/fancyhdr.sty
\fancy@headwidth=\skip44
\f@ncyO@elh=\skip45
\f@ncyO@erh=\skip46
\f@ncyO@olh=\skip47
\f@ncyO@orh=\skip48
\f@ncyO@elf=\skip49
\f@ncyO@erf=\skip50
\f@ncyO@olf=\skip51
\f@ncyO@orf=\skip52
)
(/usr/share/texlive/texmf-dist/tex/latex/caption/caption.sty
Package: caption 2016/02/21 v3.3-144 Customizing captions (AR)

(/usr/share/texlive/texmf-dist/tex/latex/caption/caption3.sty
Package: caption3 2016/02/04 v1.7-139 caption3 kernel (AR)
Package caption3 Info: TeX engine: e-TeX on input line 67.
\captionmargin=\dimen108
\captionmargin@=\dimen109
\captionwidth=\dimen110
\caption@tempdima=\dimen111
\caption@indent=\dimen112
\caption@parindent=\dimen113
\caption@hangindent=\dimen114
)
\c@ContinuedFloat=\count98
Package caption Info: hyperref package is loaded.
)
(/usr/share/texlive/texmf-dist/tex/latex/natbib/natbib.sty
Package: natbib 2010/09/13 8.31b (PWD, AO)
\bibhang=\skip53
\bibsep=\skip54
LaTeX Info: Redefining \cite on input line 694.
\c@NAT@ctr=\count99
)
(/usr/share/texlive/texmf-dist/tex/latex/tools/multicol.sty
Package: multicol 2015/08/19 v1.8n multicolumn formatting (FMi)
\c@tracingmulticols=\count100
\mult@box=\box26
\multicol@leftmargin=\dimen115
\c@unbalance=\count101
\c@collectmore=\count102
\doublecol@number=\count103
\multicoltolerance=\count104
\multicolpretolerance=\count105
\full@width=\dimen116
\page@free=\dimen117
\premulticols=\dimen118
\postmulticols=\dimen119
\multicolsep=\skip55
\multicolbaselineskip=\skip56
\partial@page=\box27
\last@line=\box28
\maxbalancingoverflow=\dimen120
\mult@rightbox=\box29
\mult@grightbox=\box30
\mult@gfirstbox=\box31
\mult@firstbox=\box32
\@tempa=\box33
\@tempa=\box34
\@tempa=\box35
\@tempa=\box36
\@tempa=\box37
\@tempa=\box38
\@tempa=\box39
\@tempa=\box40
\@tempa=\box41
\@tempa=\box42
\@tempa=\box43
\@tempa=\box44
\@tempa=\box45
\@tempa=\box46
\@tempa=\box47
\@tempa=\box48
\@tempa=\box49
\c@columnbadness=\count106
\c@finalcolumnbadness=\count107
\last@try=\dimen121
\multicolovershoot=\dimen122
\multicolundershoot=\dimen123
\mult@nat@firstbox=\box50
\colbreak@box=\box51
\mc@col@check@num=\count108
)
(/usr/share/texlive/texmf-dist/tex/latex/amsmath/amsmath.sty
Package: amsmath 2016/03/03 v2.15a AMS math features
\@mathmargin=\skip57

For additional information on amsmath, use the `?' option.
(/usr/share/texlive/texmf-dist/tex/latex/amsmath/amstext.sty
Package: amstext 2000/06/29 v2.01 AMS text

(/usr/share/texlive/texmf-dist/tex/latex/amsmath/amsgen.sty
File: amsgen.sty 1999/11/30 v2.0 generic functions
\@emptytoks=\toks15
\ex@=\dimen124
))
(/usr/share/texlive/texmf-dist/tex/latex/amsmath/amsbsy.sty
Package: amsbsy 1999/11/29 v1.2d Bold Symbols
\pmbraise@=\dimen125
)
(/usr/share/texlive/texmf-dist/tex/latex/amsmath/amsopn.sty
Package: amsopn 1999/12/14 v2.01 operator names
)
\inf@bad=\count109
LaTeX Info: Redefining \frac on input line 199.
\uproot@=\count110
\leftroot@=\count111
LaTeX Info: Redefining \overline on input line 297.
\classnum@=\count112
\DOTSCASE@=\count113
LaTeX Info: Redefining \ldots on input line 394.
LaTeX Info: Redefining \dots on input line 397.
LaTeX Info: Redefining \cdots on input line 518.
\Mathstrutbox@=\box52
\strutbox@=\box53
\big@size=\dimen126
LaTeX Font Info:    Redeclaring font encoding OML on input line 630.
LaTeX Font Info:    Redeclaring font encoding OMS on input line 631.
\macc@depth=\count114
\c@MaxMatrixCols=\count115
\dotsspace@=\muskip11
\c@parentequation=\count116
\dspbrk@lvl=\count117
\tag@help=\toks16
\row@=\count118
\column@=\count119
\maxfields@=\count120
\andhelp@=\toks17
\eqnshift@=\dimen127
\alignsep@=\dimen128
\tagshift@=\dimen129
\tagwidth@=\dimen130
\totwidth@=\dimen131
\lineht@=\dimen132
\@envbody=\toks18
\multlinegap=\skip58
\multlinetaggap=\skip59
\mathdisplay@stack=\toks19
LaTeX Info: Redefining \[ on input line 2735.
LaTeX Info: Redefining \] on input line 2736.
)
(/usr/share/texlive/texmf-dist/tex/latex/base/shortvrb.sty
Package: shortvrb 2014/09/29 v2.1e Standard LaTeX documentation package (FMi)
)
(/usr/share/texlive/texmf-dist/tex/latex/graphics/graphicx.sty
Package: graphicx 2014/10/28 v1.0g Enhanced LaTeX Graphics (DPC,SPQR)
\Gin@req@height=\dimen133
\Gin@req@width=\dimen134
)
(./network_synthesis.aux)
\openout1 = `network_synthesis.aux'.

LaTeX Font Info:    Checking defaults for OML/cmm/m/it on input line 25.
LaTeX Font Info:    ... okay on input line 25.
LaTeX Font Info:    Checking defaults for T1/cmr/m/n on input line 25.
LaTeX Font Info:    ... okay on input line 25.
LaTeX Font Info:    Checking defaults for OT1/cmr/m/n on input line 25.
LaTeX Font Info:    ... okay on input line 25.
LaTeX Font Info:    Checking defaults for OMS/cmsy/m/n on input line 25.
LaTeX Font Info:    ... okay on input line 25.
LaTeX Font Info:    Checking defaults for OMX/cmex/m/n on input line 25.
LaTeX Font Info:    ... okay on input line 25.
LaTeX Font Info:    Checking defaults for U/cmr/m/n on input line 25.
LaTeX Font Info:    ... okay on input line 25.
LaTeX Font Info:    Checking defaults for PD1/pdf/m/n on input line 25.
LaTeX Font Info:    ... okay on input line 25.
LaTeX Font Info:    Try loading font information for OT1+ptm on input line 25.

(/usr/share/texlive/texmf-dist/tex/latex/psnfss/ot1ptm.fd
File: ot1ptm.fd 2001/06/04 font definitions for OT1/ptm.
)
(/usr/share/texlive/texmf-dist/tex/context/base/supp-pdf.mkii
[Loading MPS to PDF converter (version 2006.09.02).]
\scratchcounter=\count121
\scratchdimen=\dimen135
\scratchbox=\box54
\nofMPsegments=\count122
\nofMParguments=\count123
\everyMPshowfont=\toks20
\MPscratchCnt=\count124
\MPscratchDim=\dimen136
\MPnumerator=\count125
\makeMPintoPDFobject=\count126
\everyMPtoPDFconversion=\toks21
)
\AtBeginShipoutBox=\box55
Package hyperref Info: Link coloring OFF on input line 25.
 (/usr/share/texlive/texmf-dist/tex/latex/hyperref/nameref.sty
Package: nameref 2012/10/27 v2.43 Cross-referencing by name of section

(/usr/share/texlive/texmf-dist/tex/generic/oberdiek/gettitlestring.sty
Package: gettitlestring 2010/12/03 v1.4 Cleanup title references (HO)
)
\c@section@level=\count127
)
LaTeX Info: Redefining \ref on input line 25.
LaTeX Info: Redefining \pageref on input line 25.
LaTeX Info: Redefining \nameref on input line 25.

(./network_synthesis.out) (./network_synthesis.out)
\@outlinefile=\write3
\openout3 = `network_synthesis.out'.

Package caption Info: Begin \AtBeginDocument code.
Package caption Info: End \AtBeginDocument code.
 (./Tex/introduction.tex
LaTeX Font Info:    Font shape `OT1/ptm/bx/n' in size <14.4> not available
(Font)              Font shape `OT1/ptm/b/n' tried instead on input line 1.

[1

{/var/lib/texmf/fonts/map/pdftex/updmap/pdftex.map}])
(./Tex/network_synthesis.tex
LaTeX Font Info:    Font shape `OT1/ptm/bx/n' in size <12> not available
(Font)              Font shape `OT1/ptm/b/n' tried instead on input line 22.

Overfull \hbox (1.6557pt too wide) in paragraph at lines 24--25
\OT1/ptm/m/n/10 A pas-sive impedance func-tion must be 'positive-real' to con-s
ti-tute a phys-i-cal impedance
 []

Package epstopdf Info: Source file: <./Imgs/one_port_network.eps>
(epstopdf)                    date: 2018-11-05 12:20:33
(epstopdf)                    size: 5717 bytes
(epstopdf)             Output file: <./Imgs/one_port_network-eps-converted-to.p
df>
(epstopdf)                    date: 2018-11-05 12:52:44
(epstopdf)                    size: 5300 bytes
(epstopdf)             Command: <repstopdf --outfile=./Imgs/one_port_network-ep
s-converted-to.pdf ./Imgs/one_port_network.eps>
(epstopdf)             \includegraphics on input line 44.
Package epstopdf Info: Output file is already uptodate.


pdfTeX warning: pdflatex (file ./Imgs/one_port_network-eps-converted-to.pdf): P
DF inclusion: found PDF version <1.7>, but at most version <1.5> allowed
<./Imgs/one_port_network-eps-converted-to.pdf, id=117, 204.765pt x 144.54pt>
File: ./Imgs/one_port_network-eps-converted-to.pdf Graphic file (type pdf)

<use ./Imgs/one_port_network-eps-converted-to.pdf>
Package pdftex.def Info: ./Imgs/one_port_network-eps-converted-to.pdf used on i
nput line 44.
(pdftex.def)             Requested size: 143.3345pt x 101.17729pt.
 [2

]
Package epstopdf Info: Source file: <./Imgs/cauer_1.eps>
(epstopdf)                    date: 2018-11-05 12:20:33
(epstopdf)                    size: 10700 bytes
(epstopdf)             Output file: <./Imgs/cauer_1-eps-converted-to.pdf>
(epstopdf)                    date: 2018-11-05 12:52:44
(epstopdf)                    size: 6421 bytes
(epstopdf)             Command: <repstopdf --outfile=./Imgs/cauer_1-eps-convert
ed-to.pdf ./Imgs/cauer_1.eps>
(epstopdf)             \includegraphics on input line 53.
Package epstopdf Info: Output file is already uptodate.


pdfTeX warning: pdflatex (file ./Imgs/cauer_1-eps-converted-to.pdf): PDF inclus
ion: found PDF version <1.7>, but at most version <1.5> allowed
<./Imgs/cauer_1-eps-converted-to.pdf, id=143, 558.085pt x 172.645pt>
File: ./Imgs/cauer_1-eps-converted-to.pdf Graphic file (type pdf)

<use ./Imgs/cauer_1-eps-converted-to.pdf>
Package pdftex.def Info: ./Imgs/cauer_1-eps-converted-to.pdf used on input line
 53.
(pdftex.def)             Requested size: 390.65685pt x 120.85066pt.

Overfull \hbox (45.65685pt too wide) in paragraph at lines 53--54
 [][] 
 []

Package epstopdf Info: Source file: <./Imgs/cauer_2.eps>
(epstopdf)                    date: 2018-11-05 12:20:33
(epstopdf)                    size: 6496 bytes
(epstopdf)             Output file: <./Imgs/cauer_2-eps-converted-to.pdf>
(epstopdf)                    date: 2018-11-05 12:52:44
(epstopdf)                    size: 5567 bytes
(epstopdf)             Command: <repstopdf --outfile=./Imgs/cauer_2-eps-convert
ed-to.pdf ./Imgs/cauer_2.eps>
(epstopdf)             \includegraphics on input line 69.
Package epstopdf Info: Output file is already uptodate.


pdfTeX warning: pdflatex (file ./Imgs/cauer_2-eps-converted-to.pdf): PDF inclus
ion: found PDF version <1.7>, but at most version <1.5> allowed
<./Imgs/cauer_2-eps-converted-to.pdf, id=145, 211.79124pt x 169.63374pt>
File: ./Imgs/cauer_2-eps-converted-to.pdf Graphic file (type pdf)

<use ./Imgs/cauer_2-eps-converted-to.pdf>
Package pdftex.def Info: ./Imgs/cauer_2-eps-converted-to.pdf used on input line
 69.
(pdftex.def)             Requested size: 148.25285pt x 118.7428pt.
 [3 <./Imgs/one_port_network-eps-converted-to.pdf> <./Imgs/cauer_1-eps-converte
d-to.pdf>]
Package epstopdf Info: Source file: <./Imgs/cauer_3.eps>
(epstopdf)                    date: 2018-11-05 12:20:33
(epstopdf)                    size: 7757 bytes
(epstopdf)             Output file: <./Imgs/cauer_3-eps-converted-to.pdf>
(epstopdf)                    date: 2018-11-05 12:52:45
(epstopdf)                    size: 5871 bytes
(epstopdf)             Command: <repstopdf --outfile=./Imgs/cauer_3-eps-convert
ed-to.pdf ./Imgs/cauer_3.eps>
(epstopdf)             \includegraphics on input line 97.
Package epstopdf Info: Output file is already uptodate.


pdfTeX warning: pdflatex (file ./Imgs/cauer_3-eps-converted-to.pdf): PDF inclus
ion: found PDF version <1.7>, but at most version <1.5> allowed
<./Imgs/cauer_3-eps-converted-to.pdf, id=177, 284.06125pt x 169.63374pt>
File: ./Imgs/cauer_3-eps-converted-to.pdf Graphic file (type pdf)

<use ./Imgs/cauer_3-eps-converted-to.pdf>
Package pdftex.def Info: ./Imgs/cauer_3-eps-converted-to.pdf used on input line
 97.
(pdftex.def)             Requested size: 198.84149pt x 118.7428pt.
 [4 <./Imgs/cauer_2-eps-converted-to.pdf> <./Imgs/cauer_3-eps-converted-to.pdf>
]
Package epstopdf Info: Source file: <./Imgs/series_impedance_branches.eps>
(epstopdf)                    date: 2018-11-05 12:20:33
(epstopdf)                    size: 11294 bytes
(epstopdf)             Output file: <./Imgs/series_impedance_branches-eps-conve
rted-to.pdf>
(epstopdf)                    date: 2018-11-05 12:52:45
(epstopdf)                    size: 6339 bytes
(epstopdf)             Command: <repstopdf --outfile=./Imgs/series_impedance_br
anches-eps-converted-to.pdf ./Imgs/series_impedance_branches.eps>
(epstopdf)             \includegraphics on input line 133.
Package epstopdf Info: Output file is already uptodate.


pdfTeX warning: pdflatex (file ./Imgs/series_impedance_branches-eps-converted-t
o.pdf): PDF inclusion: found PDF version <1.7>, but at most version <1.5> allow
ed

<./Imgs/series_impedance_branches-eps-converted-to.pdf, id=203, 264.99pt x 478.
78876pt>
File: ./Imgs/series_impedance_branches-eps-converted-to.pdf Graphic file (type 
pdf)
 <use ./Imgs/series_impedance_branches-eps-converted-to.pdf>
Package pdftex.def Info: ./Imgs/series_impedance_branches-eps-converted-to.pdf 
used on input line 133.
(pdftex.def)             Requested size: 185.49173pt x 335.14984pt.

Overfull \hbox (5.85724pt too wide) in paragraph at lines 138--140
[]\OT1/ptm/m/n/10 Viable branches are found by first form-ing a pole-residue ex
-pan-sion of the impedance
 []

[5]
LaTeX Font Info:    Font shape `OT1/ptm/bx/n' in size <10> not available
(Font)              Font shape `OT1/ptm/b/n' tried instead on input line 147.
 [6 <./Imgs/series_impedance_branches-eps-converted-to.pdf>] [7] [8]
Overfull \hbox (7.55995pt too wide) in paragraph at lines 260--263
\OT1/ptm/m/n/10 Thus in the pole-residue ex-pan-sion we re-quire a $\OML/cmm/m/
it/10 sL$ \OT1/ptm/m/n/10 term (pole at in-fin-ity in the impedance
 []

[9]
Package epstopdf Info: Source file: <./Imgs/parallel_admittance_branches.eps>
(epstopdf)                    date: 2018-11-05 12:20:33
(epstopdf)                    size: 12789 bytes
(epstopdf)             Output file: <./Imgs/parallel_admittance_branches-eps-co
nverted-to.pdf>
(epstopdf)                    date: 2018-11-05 12:52:45
(epstopdf)                    size: 5996 bytes
(epstopdf)             Command: <repstopdf --outfile=./Imgs/parallel_admittance
_branches-eps-converted-to.pdf ./Imgs/parallel_admittance_branches.eps>
(epstopdf)             \includegraphics on input line 318.
Package epstopdf Info: Output file is already uptodate.


pdfTeX warning: pdflatex (file ./Imgs/parallel_admittance_branches-eps-converte
d-to.pdf): PDF inclusion: found PDF version <1.7>, but at most version <1.5> al
lowed

<./Imgs/parallel_admittance_branches-eps-converted-to.pdf, id=270, 415.5525pt x
 486.81876pt>
File: ./Imgs/parallel_admittance_branches-eps-converted-to.pdf Graphic file (ty
pe pdf)
 <use ./Imgs/parallel_admittance_branches-eps-converted-to.pdf>
Package pdftex.def Info: ./Imgs/parallel_admittance_branches-eps-converted-to.p
df used on input line 318.
(pdftex.def)             Requested size: 290.88477pt x 340.7708pt.

[10] [11 <./Imgs/parallel_admittance_branches-eps-converted-to.pdf>] [12]
[13] [14] [15] [16

]
Overfull \hbox (0.55482pt too wide) in paragraph at lines 522--523
\OT1/ptm/m/n/10 fore be sim-u-lated in Spice us-ing L, C R and K el-e-ments. Si
nce the re-main-der impedance
 []

Package epstopdf Info: Source file: <./Imgs/Brune_1.eps>
(epstopdf)                    date: 2018-11-05 12:20:33
(epstopdf)                    size: 6632 bytes
(epstopdf)             Output file: <./Imgs/Brune_1-eps-converted-to.pdf>
(epstopdf)                    date: 2018-11-05 12:52:45
(epstopdf)                    size: 5271 bytes
(epstopdf)             Command: <repstopdf --outfile=./Imgs/Brune_1-eps-convert
ed-to.pdf ./Imgs/Brune_1.eps>
(epstopdf)             \includegraphics on input line 526.
Package epstopdf Info: Output file is already uptodate.


pdfTeX warning: pdflatex (file ./Imgs/Brune_1-eps-converted-to.pdf): PDF inclus
ion: found PDF version <1.7>, but at most version <1.5> allowed
<./Imgs/Brune_1-eps-converted-to.pdf, id=353, 297.11pt x 196.735pt>
File: ./Imgs/Brune_1-eps-converted-to.pdf Graphic file (type pdf)

<use ./Imgs/Brune_1-eps-converted-to.pdf>
Package pdftex.def Info: ./Imgs/Brune_1-eps-converted-to.pdf used on input line
 526.
(pdftex.def)             Requested size: 207.97557pt x 137.71355pt.
Package epstopdf Info: Source file: <./Imgs/Brune_2.eps>
(epstopdf)                    date: 2018-11-05 12:20:33
(epstopdf)                    size: 7069 bytes
(epstopdf)             Output file: <./Imgs/Brune_2-eps-converted-to.pdf>
(epstopdf)                    date: 2018-11-05 12:52:45
(epstopdf)                    size: 5174 bytes
(epstopdf)             Command: <repstopdf --outfile=./Imgs/Brune_2-eps-convert
ed-to.pdf ./Imgs/Brune_2.eps>
(epstopdf)             \includegraphics on input line 534.
Package epstopdf Info: Output file is already uptodate.


pdfTeX warning: pdflatex (file ./Imgs/Brune_2-eps-converted-to.pdf): PDF inclus
ion: found PDF version <1.7>, but at most version <1.5> allowed
<./Imgs/Brune_2-eps-converted-to.pdf, id=354, 250.9375pt x 195.73125pt>
File: ./Imgs/Brune_2-eps-converted-to.pdf Graphic file (type pdf)

<use ./Imgs/Brune_2-eps-converted-to.pdf>
Package pdftex.def Info: ./Imgs/Brune_2-eps-converted-to.pdf used on input line
 534.
(pdftex.def)             Requested size: 175.65504pt x 137.01093pt.
 [17 <./Imgs/Brune_1-eps-converted-to.pdf> <./Imgs/Brune_2-eps-converted-to.pdf
>]) (./Tex/conclusions.tex [18

])
(./Tex/bibliography.tex
Underfull \hbox (badness 1062) in paragraph at lines 4--6
[]\OT1/ptm/m/n/10 C. Smartt, D.W.P. Thomas, S. Greedy, J. Ver-poorte, J. Lansin
k Rot-gerink
 []


Underfull \hbox (badness 1629) in paragraph at lines 18--21
[]\OT1/ptm/m/n/10 O. Brune, \OT1/ptm/m/sl/10 Syn-the-sis of a fi-nite two-termi
nal net-work whose driving-point
 []

)
Package atveryend Info: Empty hook `BeforeClearDocument' on input line 47.
 [19

]
Package atveryend Info: Empty hook `AfterLastShipout' on input line 47.
 (./network_synthesis.aux)
Package atveryend Info: Executing hook `AtVeryEndDocument' on input line 47.
Package atveryend Info: Executing hook `AtEndAfterFileList' on input line 47.
Package rerunfilecheck Info: File `network_synthesis.out' has not changed.
(rerunfilecheck)             Checksum: 7D192530C32882F95F85EE98518234D7;1984.
Package atveryend Info: Empty hook `AtVeryVeryEnd' on input line 47.
 ) 
Here is how much of TeX's memory you used:
 7740 strings out of 494953
 116014 string characters out of 6180976
 208599 words of memory out of 5000000
 10780 multiletter control sequences out of 15000+600000
 20300 words of font info for 45 fonts, out of 8000000 for 9000
 14 hyphenation exceptions out of 8191
 36i,8n,43p,988b,370s stack positions out of 5000i,500n,10000p,200000b,80000s
{/usr/share/texlive/texmf-dist/fonts/enc/dvips/base/8r.enc}</usr/share/texliv
e/texmf-dist/fonts/type1/public/amsfonts/cm/cmex10.pfb></usr/share/texlive/texm
f-dist/fonts/type1/public/amsfonts/cm/cmmi10.pfb></usr/share/texlive/texmf-dist
/fonts/type1/public/amsfonts/cm/cmmi5.pfb></usr/share/texlive/texmf-dist/fonts/
type1/public/amsfonts/cm/cmmi7.pfb></usr/share/texlive/texmf-dist/fonts/type1/p
ublic/amsfonts/cm/cmr10.pfb></usr/share/texlive/texmf-dist/fonts/type1/public/a
msfonts/cm/cmr5.pfb></usr/share/texlive/texmf-dist/fonts/type1/public/amsfonts/
cm/cmr7.pfb></usr/share/texlive/texmf-dist/fonts/type1/public/amsfonts/cm/cmsy1
0.pfb></usr/share/texlive/texmf-dist/fonts/type1/public/amsfonts/cm/cmsy7.pfb><
/usr/share/texlive/texmf-dist/fonts/type1/urw/times/utmb8a.pfb></usr/share/texl
ive/texmf-dist/fonts/type1/urw/times/utmr8a.pfb></usr/share/texlive/texmf-dist/
fonts/type1/urw/times/utmr8a.pfb>
Output written on network_synthesis.pdf (19 pages, 190554 bytes).
PDF statistics:
 459 PDF objects out of 1000 (max. 8388607)
 401 compressed objects within 5 object streams
 148 named destinations out of 1000 (max. 500000)
 241 words of extra memory for PDF output out of 10000 (max. 10000000)

